<?xml version="1.0" encoding="UTF-8"?>
<!-- Generated by org.testng.reporters.JUnitReportReporter -->
<testsuite name="Sanity_Test.Sanity_test" tests="2" failures="0" timestamp="23 Mar 2017 10:57:30 GMT" time="426.965" errors="0">
  <testcase name="Login" time="6.105" classname="Sanity_Test.Sanity_test"/>
  <testcase name="sanityScenarios" time="420.860" classname="Sanity_Test.Sanity_test"/>
</testsuite> <!-- Sanity_Test.Sanity_test -->
