<?xml version="1.0" encoding="UTF-8"?>
<!-- Generated by org.testng.reporters.JUnitReportReporter -->
<testsuite hostname="Shivaleela-H-MacBook-Pro.local" name="Script.Verify_STAAR_DocumentScoreDetails" tests="2" failures="0" timestamp="12 Dec 2014 11:32:52 GMT" time="1037.811" errors="0">
  <testcase name="Login" time="6.275" classname="Script.Verify_STAAR_DocumentScoreDetails"/>
  <testcase name="getExcelData" time="1031.536" classname="Script.Verify_STAAR_DocumentScoreDetails"/>
</testsuite> <!-- Script.Verify_STAAR_DocumentScoreDetails -->
