<?xml version="1.0" encoding="UTF-8"?>
<!-- Generated by org.testng.reporters.JUnitReportReporter -->
<testsuite hostname="Shivaleela-H-MacBook-Pro.local" name="Script.FirstTest" tests="1" failures="0" timestamp="25 Nov 2014 06:35:42 GMT" time="31.666" errors="0">
  <testcase name="setUp" time="31.666" classname="Script.FirstTest"/>
</testsuite> <!-- Script.FirstTest -->
