<?xml version="1.0" encoding="UTF-8"?>
<!-- Generated by org.testng.reporters.JUnitReportReporter -->
<testsuite hostname="Shivaleela-H-MacBook-Pro.local" name="Maintenance_STAAR_Document.Main_Test" tests="1" failures="0" timestamp="15 Apr 2016 11:29:53 GMT" time="18.997" errors="0">
  <testcase name="getExcelData" time="18.997" classname="Maintenance_STAAR_Document.Main_Test"/>
</testsuite> <!-- Maintenance_STAAR_Document.Main_Test -->
