<?xml version="1.0" encoding="UTF-8"?>
<!-- Generated by org.testng.reporters.JUnitReportReporter -->
<testsuite hostname="Shivaleela-H-MacBook-Pro.local" name="Kentro_Document.Kento_Main_SystemTest" tests="1" failures="0" timestamp="29 Oct 2015 06:48:04 GMT" time="1139.577" errors="0">
  <testcase name="getExcelData" time="1139.577" classname="Kentro_Document.Kento_Main_SystemTest"/>
</testsuite> <!-- Kentro_Document.Kento_Main_SystemTest -->
