<?xml version="1.0" encoding="UTF-8"?>
<!-- Generated by org.testng.reporters.JUnitReportReporter -->
<testsuite hostname="Shivaleela-H-MacBook-Pro.local" name="Script.waitTest" tests="1" failures="0" timestamp="30 Sep 2015 12:37:05 GMT" time="24.726" errors="0">
  <testcase name="ImplicitWait" time="24.726" classname="Script.waitTest"/>
</testsuite> <!-- Script.waitTest -->
