<?xml version="1.0" encoding="UTF-8"?>
<!-- Generated by org.testng.reporters.JUnitReportReporter -->
<testsuite hostname="Shivaleela-H-MacBook-Pro.local" name="Script.ThirdTest" tests="1" failures="0" timestamp="2 Dec 2014 12:33:13 GMT" time="27.984" errors="0">
  <testcase name="setUp" time="27.984" classname="Script.ThirdTest"/>
</testsuite> <!-- Script.ThirdTest -->
