<?xml version="1.0" encoding="UTF-8"?>
<!-- Generated by org.testng.reporters.JUnitReportReporter -->
<testsuite hostname="Shivaleela-H-MacBook-Pro.local" name="Maintenance_CPALLS.waitTest" tests="1" failures="0" timestamp="15 Jun 2016 10:40:19 GMT" time="61.286" errors="0">
  <testcase name="waitClick" time="61.286" classname="Maintenance_CPALLS.waitTest"/>
</testsuite> <!-- Maintenance_CPALLS.waitTest -->
