<?xml version="1.0" encoding="UTF-8"?>
<!-- Generated by org.testng.reporters.JUnitReportReporter -->
<testsuite hostname="Shivaleela-H-MacBook-Pro.local" name="TPRI_TJL.TPRITJL_RegressionTest" tests="1" failures="0" timestamp="31 May 2016 11:20:20 GMT" time="182.901" errors="0">
  <testcase name="getExcel" time="182.901" classname="TPRI_TJL.TPRITJL_RegressionTest"/>
</testsuite> <!-- TPRI_TJL.TPRITJL_RegressionTest -->
