<?xml version="1.0" encoding="UTF-8"?>
<!-- Generated by org.testng.reporters.JUnitReportReporter -->
<testsuite hostname="Shivaleela-H-MacBook-Pro.local" name="Script.STAAR_DEMO_TS" tests="2" failures="0" timestamp="22 Jan 2015 09:49:41 GMT" time="668.069" errors="0">
  <testcase name="getExcelData" time="663.731" classname="Script.STAAR_DEMO_TS"/>
  <testcase name="Login" time="4.338" classname="Script.STAAR_DEMO_TS"/>
</testsuite> <!-- Script.STAAR_DEMO_TS -->
