<?xml version="1.0" encoding="UTF-8"?>
<!-- Generated by org.testng.reporters.JUnitReportReporter -->
<testsuite hostname="Shivaleela-H-MacBook-Pro.local" name="Script.STAAR_DemoTab" tests="2" failures="0" timestamp="13 Jan 2015 06:55:16 GMT" time="53.784" errors="0">
  <testcase name="Login" time="4.459" classname="Script.STAAR_DemoTab"/>
  <testcase name="getExcelData" time="49.325" classname="Script.STAAR_DemoTab"/>
</testsuite> <!-- Script.STAAR_DemoTab -->
